<?xml version="1.0" encoding="UTF-8"?>
<!-- Generated by org.testng.reporters.JUnitXMLReporter -->
<testsuite ignored="0" hostname="DESKTOP-DFRBC0D" failures="0" tests="5" name="Default test" time="10.252" errors="0" timestamp="2024-12-28T11:28:17 IST">
  <testcase classname="testcases.TimeTableoftheTrain" name="verifyEnteringTrainDetails" time="6.604"/>
  <testcase classname="testcases.TimeTableoftheTrain" name="verifyTrainDetails" time="1.083"/>
  <testcase classname="testcases.TimeTableoftheTrain" name="verifyPlatformDetails" time="1.306"/>
  <testcase classname="testcases.TimeTableoftheTrain" name="verifyFoodDetails" time="0.58"/>
  <testcase classname="testcases.TimeTableoftheTrain" name="verifyTimeTableDetails" time="0.048"/>
</testsuite> <!-- Default test -->
