<?xml version="1.0" encoding="UTF-8"?>
<!-- Generated by org.testng.reporters.JUnitXMLReporter -->
<testsuite ignored="0" hostname="DESKTOP-DFRBC0D" failures="0" tests="6" name="Test" time="22.939" errors="0" timestamp="2024-11-05T14:17:04 IST">
  <testcase classname="testcases.TimeTableoftheTrain" name="verifyEnteringTrainDetails" time="5.058"/>
  <testcase classname="testcases.TimeTableoftheTrain" name="verifyTrainDetails" time="7.104"/>
  <testcase classname="testcases.TimeTableoftheTrain" name="verifyPlatformDetails" time="0.8"/>
  <testcase classname="testcases.TimeTableoftheTrain" name="verifyFoodDetails" time="0.561"/>
  <testcase classname="testcases.TimeTableoftheTrain" name="verifyTimeTableDetails" time="0.063"/>
  <testcase classname="testcases.StatusCheck" name="checkStatuss" time="8.472"/>
</testsuite> <!-- Test -->
