<?xml version="1.0" encoding="UTF-8"?>
<testng-results ignored="0" total="5" passed="5" failed="0" skipped="0">
  <reporter-output>
  </reporter-output>
  <suite started-at="2024-12-28T11:28:07 IST" name="Default suite" finished-at="2024-12-28T11:28:17 IST" duration-ms="10252">
    <groups>
    </groups>
    <test started-at="2024-12-28T11:28:07 IST" name="Default test" finished-at="2024-12-28T11:28:17 IST" duration-ms="10252">
      <class name="testcases.TimeTableoftheTrain">
        <test-method signature="verifyEnteringTrainDetails()[pri:1, instance:testcases.TimeTableoftheTrain@3ad83a66]" started-at="2024-12-28T11:28:07 IST" name="verifyEnteringTrainDetails" finished-at="2024-12-28T11:28:14 IST" duration-ms="6604" status="PASS">
          <reporter-output>
          </reporter-output>
        </test-method> <!-- verifyEnteringTrainDetails -->
        <test-method signature="verifyTrainDetails()[pri:2, instance:testcases.TimeTableoftheTrain@3ad83a66]" started-at="2024-12-28T11:28:14 IST" name="verifyTrainDetails" finished-at="2024-12-28T11:28:15 IST" duration-ms="1083" status="PASS">
          <reporter-output>
          </reporter-output>
        </test-method> <!-- verifyTrainDetails -->
        <test-method signature="verifyPlatformDetails()[pri:3, instance:testcases.TimeTableoftheTrain@3ad83a66]" started-at="2024-12-28T11:28:15 IST" name="verifyPlatformDetails" finished-at="2024-12-28T11:28:16 IST" duration-ms="1306" status="PASS">
          <reporter-output>
          </reporter-output>
        </test-method> <!-- verifyPlatformDetails -->
        <test-method signature="verifyFoodDetails()[pri:4, instance:testcases.TimeTableoftheTrain@3ad83a66]" started-at="2024-12-28T11:28:16 IST" name="verifyFoodDetails" finished-at="2024-12-28T11:28:17 IST" duration-ms="580" status="PASS">
          <reporter-output>
          </reporter-output>
        </test-method> <!-- verifyFoodDetails -->
        <test-method signature="verifyTimeTableDetails()[pri:5, instance:testcases.TimeTableoftheTrain@3ad83a66]" started-at="2024-12-28T11:28:17 IST" name="verifyTimeTableDetails" finished-at="2024-12-28T11:28:17 IST" duration-ms="48" status="PASS">
          <reporter-output>
          </reporter-output>
        </test-method> <!-- verifyTimeTableDetails -->
        <test-method is-config="true" signature="tearDown()[pri:0, instance:testcases.TimeTableoftheTrain@3ad83a66]" started-at="2024-12-28T11:28:17 IST" name="tearDown" finished-at="2024-12-28T11:28:17 IST" duration-ms="451" status="PASS">
          <reporter-output>
          </reporter-output>
        </test-method> <!-- tearDown -->
      </class> <!-- testcases.TimeTableoftheTrain -->
    </test> <!-- Default test -->
  </suite> <!-- Default suite -->
</testng-results>
